# Домашнее задание к занятию «Индексы»

### Инструкция по выполнению домашнего задания

### Фролов Александр Александрович 

1. Сделайте fork [репозитория c шаблоном решения](https://github.com/netology-code/sys-pattern-homework) к себе в Github и переименуйте его по названию или номеру занятия, например, https://github.com/имя-вашего-репозитория/gitlab-hw или https://github.com/имя-вашего-репозитория/8-03-hw).
2. Выполните клонирование этого репозитория к себе на ПК с помощью команды `git clone`.
3. Выполните домашнее задание и заполните у себя локально этот файл README.md:
   - впишите вверху название занятия и ваши фамилию и имя;
   - в каждом задании добавьте решение в требуемом виде: текст/код/скриншоты/ссылка;
   - для корректного добавления скриншотов воспользуйтесь инструкцией [«Как вставить скриншот в шаблон с решением»](https://github.com/netology-code/sys-pattern-homework/blob/main/screen-instruction.md);
   - при оформлении используйте возможности языка разметки md. Коротко об этом можно посмотреть в [инструкции по MarkDown](https://github.com/netology-code/sys-pattern-homework/blob/main/md-instruction.md).
4. После завершения работы над домашним заданием сделайте коммит (`git commit -m "comment"`) и отправьте его на Github (`git push origin`).
5. Для проверки домашнего задания преподавателем в личном кабинете прикрепите и отправьте ссылку на решение в виде md-файла в вашем Github.
6. Любые вопросы задавайте в чате учебной группы и/или в разделе «Вопросы по заданию» в личном кабинете.

Желаем успехов в выполнении домашнего задания.

### Задание 1

Напишите запрос к учебной базе данных, который вернёт процентное отношение общего размера всех индексов к общему размеру всех таблиц.

### Ответ 1
![11](https://github.com/fczalex7/12-05.m/assets/141554023/c049a952-648c-4bef-9695-9b4bbeba0274)


### Задание 2
Выполните explain analyze следующего запроса:
```sql
select distinct concat(c.last_name, ' ', c.first_name), sum(p.amount) over (partition by c.customer_id, f.title)
from payment p, rental r, customer c, inventory i, film f
where date(p.payment_date) = '2005-07-30' and p.payment_date = r.rental_date and r.customer_id = c.customer_id and i.inventory_id = r.inventory_id
```
- перечислите узкие места;
- оптимизируйте запрос: внесите корректировки по использованию операторов, при необходимости добавьте индексы
### Ответ 2
Узкие места
Отсутствие индекса на payment_date в таблице payment
Отсутствие  индекса на rental_date и customer_id в таблице rental
Отсутствие индекса на film_id в таблице inventory
Отсутствие индекса на film_id в таблице film:
### Оптимизированный запрос

### explain analyze 

select distinct concat(c.last_name, ' ', c.first_name), sum(p.amount) 

from payment p join customer c on c.customer_id = p.customer_id 

where p.payment_date >= '2005-07-30' and p.payment_date < date_add('2005-07-30', INTERVAL 1 DAY) group by p.customer_id;







### Limit: 200 row(s)  (actual time=8.31..8.33 rows=200 loops=1)

Sort with duplicate removal: concat(c.last_name, ' ', c.first_name), sum(p.amount)  (actual time=8.3..8.32 rows=200 loops=1)

Table scan on <temporary>  (actual time=8.09..8.13 rows=391 loops=1)

Aggregate using temporary table  (actual time=8.09..8.09 rows=391 loops=1)

Nested loop inner join  (cost=2258 rows=1787) (actual time=0.0533..7.53 rows=634 loops=1)

Filter: ((p.payment_date >= TIMESTAMP'2005-07-30 00:00:00') and (p.payment_date < <cache>(('2005-07-30' + interval 1 day))))  (cost=1633 rows=1787) (actual time=0.0442..6.92 rows=634 loops=1)

Table scan on p  (cost=1633 rows=16086) (actual time=0.035..5.62 rows=16044 loops=1)

Single-row index lookup on c using PRIMARY (customer_id=p.customer_id)  (cost=0.25 rows=1) (actual time=785e-6..811e-6 rows=1 loops=634)

